11/2/2020 12:16:33 PM	This log contains information about the import schema operation into project 'OnBoardingTrackerDatabase' on computer 'DPOSTILNIAK-N' by user 'denis.postilniak'.
11/2/2020 12:16:33 PM	Import of database schema has started.
11/2/2020 12:16:46 PM	Gathering database credentials
11/2/2020 12:16:46 PM	Gathering database options
11/2/2020 12:16:46 PM	Gathering generic database scoped configuration option
11/2/2020 12:16:46 PM	Gathering users
11/2/2020 12:16:46 PM	Gathering roles
11/2/2020 12:16:46 PM	Gathering application roles
11/2/2020 12:16:46 PM	Gathering role memberships
11/2/2020 12:16:46 PM	Gathering filegroups
11/2/2020 12:16:46 PM	Gathering full-text catalogs
11/2/2020 12:16:46 PM	Gathering assemblies
11/2/2020 12:16:46 PM	Gathering certificates
11/2/2020 12:16:46 PM	Gathering asymmetric keys
11/2/2020 12:16:46 PM	Gathering symmetric keys
11/2/2020 12:16:46 PM	Gathering encrypted symmetric keys
11/2/2020 12:16:46 PM	Gathering schemas
11/2/2020 12:16:46 PM	Gathering XML schema collections
11/2/2020 12:16:46 PM	Gathering user-defined data types
11/2/2020 12:16:46 PM	Gathering user-defined types
11/2/2020 12:16:46 PM	Gathering table types
11/2/2020 12:16:46 PM	Gathering unique keys for table types
11/2/2020 12:16:46 PM	Gathering primary keys for table types
11/2/2020 12:16:46 PM	Gathering indexes for table types
11/2/2020 12:16:46 PM	Gathering check constraints for table types
11/2/2020 12:16:46 PM	Gathering default constraints for table types
11/2/2020 12:16:46 PM	Gathering partition functions
11/2/2020 12:16:46 PM	Gathering partition schemes
11/2/2020 12:16:46 PM	Gathering functions
11/2/2020 12:16:46 PM	Gathering encrypted functions
11/2/2020 12:16:46 PM	Gathering aggregates
11/2/2020 12:16:46 PM	Gathering procedures
11/2/2020 12:16:46 PM	Gathering encrypted procedures
11/2/2020 12:16:46 PM	Gathering tables
11/2/2020 12:16:47 PM	Gathering primary keys
11/2/2020 12:16:47 PM	Gathering unique constraints
11/2/2020 12:16:47 PM	Gathering foreign keys
11/2/2020 12:16:47 PM	Gathering default constraints
11/2/2020 12:16:47 PM	Gathering check constraints
11/2/2020 12:16:47 PM	Gathering views
11/2/2020 12:16:47 PM	Gathering encrypted views
11/2/2020 12:16:47 PM	Gathering indexes
11/2/2020 12:16:47 PM	Gathering statistics
11/2/2020 12:16:47 PM	Gathering full-text index stoplists
11/2/2020 12:16:47 PM	Gathering search property lists
11/2/2020 12:16:47 PM	Gathering search properties
11/2/2020 12:16:47 PM	Gathering full-text indexes
11/2/2020 12:16:47 PM	Gathering column store indexes
11/2/2020 12:16:47 PM	Gathering spatial indexes
11/2/2020 12:16:47 PM	Gathering XML indexes
11/2/2020 12:16:47 PM	Gathering Selective XML indexes
11/2/2020 12:16:47 PM	Gathering encrypted triggers
11/2/2020 12:16:47 PM	Gathering triggers
11/2/2020 12:16:47 PM	Gathering encrypted and clr ddl triggers
11/2/2020 12:16:47 PM	Gathering ddl triggers
11/2/2020 12:16:47 PM	Gathering synonyms
11/2/2020 12:16:47 PM	Gathering defaults
11/2/2020 12:16:47 PM	Gathering data constraint uddt bindings
11/2/2020 12:16:47 PM	Gathering rules
11/2/2020 12:16:47 PM	Gathering data constraint uddt bindings
11/2/2020 12:16:47 PM	Gathering message types
11/2/2020 12:16:47 PM	Gathering queues
11/2/2020 12:16:47 PM	Gathering contracts
11/2/2020 12:16:47 PM	Gathering services
11/2/2020 12:16:47 PM	Gathering event notifications
11/2/2020 12:16:47 PM	Gathering remote service bindings
11/2/2020 12:16:47 PM	Gathering broker priorities
11/2/2020 12:16:47 PM	Gathering signatures
11/2/2020 12:16:47 PM	Gathering data compression options
11/2/2020 12:16:47 PM	Gathering sequence types
11/2/2020 12:16:47 PM	Gathering security policies
11/2/2020 12:16:47 PM	Gather column encryption keys
11/2/2020 12:16:47 PM	Gathering column master keys
11/2/2020 12:16:47 PM	Gathering external data sources
11/2/2020 12:16:47 PM	Gathering external file formats
11/2/2020 12:16:47 PM	Gathering external tables
11/2/2020 12:16:47 PM	Gathering extended properties
11/2/2020 12:16:47 PM	Gathering credentials
11/2/2020 12:16:47 PM	Gathering logins
11/2/2020 12:16:48 PM	Gathering server audits
11/2/2020 12:16:48 PM	An exception was encountered while attempting to retrieve the default data path: ''.  As a result, absolute paths may appear in ADD FILE statements.
11/2/2020 12:16:49 PM	Scanning project for duplicate elements
11/2/2020 12:16:49 PM	Finished duplicate element processing
11/2/2020 12:16:50 PM	Finished importing database.
11/2/2020 12:16:50 PM	A summary of the import was saved to the following location: D:\GIT\onboardingtracker\src\Databases\OnBoardingTrackerDatabase\OnBoardingTrackerDatabase\Import Schema Logs\OnBoardingTrackerDat_20201102091633.log
11/2/2020 12:16:50 PM	Click Finish to continue...
